{"level":"info","message":"Server running on port 3001","service":"fuelwatch-backend"}
{"address":"127.0.0.1","code":"ECONNREFUSED","errno":-61,"fatal":true,"level":"error","message":"Database connection failed: connect ECONNREFUSED 127.0.0.1:8889","port":8889,"service":"fuelwatch-backend","stack":"Error: connect ECONNREFUSED 127.0.0.1:8889\n    at TCPConnectWrap.afterConnect [as oncomplete] (node:net:1611:16)","syscall":"connect"}
{"level":"info","message":"Server running on port 3001","service":"fuelwatch-backend"}
{"level":"info","message":"Database connected successfully","service":"fuelwatch-backend"}
{"level":"info","message":"POST /api/attendance/checkin","service":"fuelwatch-backend"}
{"level":"info","message":"POST /api/attendance/checkin","service":"fuelwatch-backend"}
{"level":"info","message":"GET /api/fuel/stocks","service":"fuelwatch-backend"}
{"level":"info","message":"POST /api/auth/login","service":"fuelwatch-backend"}
{"level":"info","message":"GET /api/fuel/stocks","service":"fuelwatch-backend"}
{"level":"info","message":"POST /api/attendance/checkin","service":"fuelwatch-backend"}
{"level":"info","message":"Server running on port 3001","service":"fuelwatch-backend"}
{"level":"info","message":"Database connected successfully","service":"fuelwatch-backend"}
{"level":"info","message":"POST /api/attendance/checkin","service":"fuelwatch-backend"}
{"level":"info","message":"POST /api/attendance/checkin","service":"fuelwatch-backend"}
{"level":"info","message":"POST /api/attendance/checkin","service":"fuelwatch-backend"}
{"level":"info","message":"POST /api/attendance/checkin","service":"fuelwatch-backend"}
{"level":"info","message":"POST /api/attendance/checkin","service":"fuelwatch-backend"}
{"level":"info","message":"Server running on port 3001","service":"fuelwatch-backend"}
{"level":"info","message":"Database connected successfully","service":"fuelwatch-backend"}
{"level":"info","message":"POST /api/attendance/checkin","service":"fuelwatch-backend"}
{"level":"info","message":"GET /api/fuel/stocks","service":"fuelwatch-backend"}
{"level":"info","message":"GET /api/fuel/stocks","service":"fuelwatch-backend"}
{"level":"info","message":"GET /api/checkin/active","service":"fuelwatch-backend"}
{"level":"info","message":"GET /api/employees","service":"fuelwatch-backend"}
{"level":"info","message":"GET /api/checkin/active","service":"fuelwatch-backend"}
{"level":"info","message":"Server running on port 3001","service":"fuelwatch-backend"}
{"level":"info","message":"Database connected successfully","service":"fuelwatch-backend"}
{"level":"info","message":"GET /api/fuel/stocks","service":"fuelwatch-backend"}
{"level":"info","message":"GET /api/fuel/stocks","service":"fuelwatch-backend"}
{"level":"info","message":"GET /api/fuel/stocks","service":"fuelwatch-backend"}
{"level":"info","message":"GET /api/attendance/active","service":"fuelwatch-backend"}
{"level":"info","message":"GET /api/employees","service":"fuelwatch-backend"}
{"level":"info","message":"GET /api/employees","service":"fuelwatch-backend"}
{"level":"info","message":"GET /api/fuel/stocks","service":"fuelwatch-backend"}
{"level":"info","message":"GET /api/fuel/stocks","service":"fuelwatch-backend"}
{"level":"info","message":"GET /api/attendance/active","service":"fuelwatch-backend"}
{"level":"info","message":"GET /api/employees","service":"fuelwatch-backend"}
{"level":"info","message":"GET /api/attendance/active","service":"fuelwatch-backend"}
{"level":"info","message":"GET /api/employees","service":"fuelwatch-backend"}
{"level":"info","message":"GET /api/attendance/active","service":"fuelwatch-backend"}
{"level":"info","message":"GET /api/attendance/active","service":"fuelwatch-backend"}
{"level":"info","message":"GET /api/employees","service":"fuelwatch-backend"}
{"level":"info","message":"GET /api/attendance/active","service":"fuelwatch-backend"}
{"level":"info","message":"GET /api/attendance/active","service":"fuelwatch-backend"}
{"level":"info","message":"GET /api/employees","service":"fuelwatch-backend"}
{"level":"info","message":"GET /api/fuel/stocks","service":"fuelwatch-backend"}
{"level":"info","message":"GET /api/fuel/stocks","service":"fuelwatch-backend"}
{"level":"info","message":"GET /api/fuel/stocks","service":"fuelwatch-backend"}
{"level":"info","message":"GET /api/fuel/stocks","service":"fuelwatch-backend"}
{"level":"info","message":"GET /api/attendance/active","service":"fuelwatch-backend"}
{"level":"info","message":"GET /api/attendance/active","service":"fuelwatch-backend"}
{"level":"info","message":"GET /api/employees","service":"fuelwatch-backend"}
{"level":"info","message":"GET /api/employees","service":"fuelwatch-backend"}
{"level":"info","message":"GET /api/predictions/forecast","service":"fuelwatch-backend"}
{"level":"info","message":"POST /api/predictions/staffing","service":"fuelwatch-backend"}
{"level":"info","message":"POST /api/predictions/staffing","service":"fuelwatch-backend"}
{"level":"info","message":"GET /api/weather/current","service":"fuelwatch-backend"}
{"level":"info","message":"GET /api/busy-times/patterns","service":"fuelwatch-backend"}
{"level":"info","message":"GET /api/holidays/upcoming","service":"fuelwatch-backend"}
{"level":"info","message":"POST /api/predictions/staffing","service":"fuelwatch-backend"}
{"level":"info","message":"POST /api/predictions/staffing","service":"fuelwatch-backend"}
{"level":"info","message":"POST /api/predictions/staffing","service":"fuelwatch-backend"}
{"level":"info","message":"POST /api/predictions/staffing","service":"fuelwatch-backend"}
{"level":"info","message":"GET /api/predictions/forecast","service":"fuelwatch-backend"}
{"level":"info","message":"POST /api/predictions/staffing","service":"fuelwatch-backend"}
{"level":"info","message":"POST /api/predictions/staffing","service":"fuelwatch-backend"}
{"level":"info","message":"GET /api/predictions/forecast","service":"fuelwatch-backend"}
{"level":"info","message":"POST /api/predictions/staffing","service":"fuelwatch-backend"}
{"level":"info","message":"GET /api/fuel/stocks","service":"fuelwatch-backend"}
{"level":"info","message":"GET /api/fuel/stocks","service":"fuelwatch-backend"}
{"level":"info","message":"GET /api/attendance/active","service":"fuelwatch-backend"}
{"level":"info","message":"GET /api/employees","service":"fuelwatch-backend"}
{"level":"info","message":"GET /api/attendance/active","service":"fuelwatch-backend"}
{"level":"info","message":"GET /api/employees","service":"fuelwatch-backend"}
{"level":"info","message":"GET /api/predictions/forecast","service":"fuelwatch-backend"}
{"level":"info","message":"GET /api/predictions/forecast","service":"fuelwatch-backend"}
{"level":"info","message":"POST /api/predictions/staffing","service":"fuelwatch-backend"}
{"level":"info","message":"POST /api/predictions/staffing","service":"fuelwatch-backend"}
{"level":"info","message":"Server running on port 3001","service":"fuelwatch-backend"}
{"level":"info","message":"Database connected successfully","service":"fuelwatch-backend"}
{"level":"info","message":"GET /api/fuel/stocks","service":"fuelwatch-backend"}
{"level":"info","message":"GET /api/predictions/forecast","service":"fuelwatch-backend"}
{"level":"info","message":"POST /api/predictions/staffing","service":"fuelwatch-backend"}
{"level":"info","message":"POST /api/predictions/staffing","service":"fuelwatch-backend"}
{"level":"info","message":"POST /api/predictions/staffing","service":"fuelwatch-backend"}
{"level":"info","message":"POST /api/predictions/staffing","service":"fuelwatch-backend"}
{"level":"info","message":"POST /api/predictions/staffing","service":"fuelwatch-backend"}
{"level":"info","message":"POST /api/predictions/staffing","service":"fuelwatch-backend"}
{"level":"info","message":"POST /api/predictions/staffing","service":"fuelwatch-backend"}
{"level":"info","message":"POST /api/predictions/staffing","service":"fuelwatch-backend"}
{"level":"info","message":"POST /api/predictions/staffing","service":"fuelwatch-backend"}
{"level":"info","message":"POST /api/predictions/staffing","service":"fuelwatch-backend"}
{"level":"info","message":"GET /api/attendance/active","service":"fuelwatch-backend"}
{"level":"info","message":"GET /api/employees","service":"fuelwatch-backend"}
{"level":"info","message":"GET /api/predictions/forecast","service":"fuelwatch-backend"}
{"level":"info","message":"POST /api/predictions/staffing","service":"fuelwatch-backend"}
{"level":"info","message":"GET /api/predictions/forecast","service":"fuelwatch-backend"}
{"level":"info","message":"POST /api/predictions/staffing","service":"fuelwatch-backend"}
{"level":"info","message":"GET /api/attendance/active","service":"fuelwatch-backend"}
{"level":"info","message":"GET /api/employees","service":"fuelwatch-backend"}
{"level":"info","message":"GET /api/attendance/active","service":"fuelwatch-backend"}
{"level":"info","message":"GET /api/employees","service":"fuelwatch-backend"}
{"level":"info","message":"GET /api/fuel/stocks","service":"fuelwatch-backend"}
{"level":"info","message":"GET /api/fuel/stocks","service":"fuelwatch-backend"}
{"level":"info","message":"GET /api/fuel/stocks","service":"fuelwatch-backend"}
{"level":"info","message":"GET /api/fuel/stocks","service":"fuelwatch-backend"}
{"level":"info","message":"POST /api/predictions/staffing","service":"fuelwatch-backend"}
{"level":"info","message":"GET /api/predictions/forecast","service":"fuelwatch-backend"}
{"level":"info","message":"GET /api/predictions/forecast","service":"fuelwatch-backend"}
{"level":"info","message":"POST /api/predictions/staffing","service":"fuelwatch-backend"}
{"level":"info","message":"GET /api/fuel/stocks","service":"fuelwatch-backend"}
{"level":"info","message":"GET /api/fuel/stocks","service":"fuelwatch-backend"}
{"level":"info","message":"POST /api/predictions/staffing","service":"fuelwatch-backend"}
{"level":"info","message":"GET /api/predictions/forecast","service":"fuelwatch-backend"}
{"level":"info","message":"GET /api/predictions/forecast","service":"fuelwatch-backend"}
{"level":"info","message":"POST /api/predictions/staffing","service":"fuelwatch-backend"}
{"level":"info","message":"GET /api/fuel/stocks","service":"fuelwatch-backend"}
{"level":"info","message":"GET /api/fuel/stocks","service":"fuelwatch-backend"}
{"level":"info","message":"POST /api/predictions/staffing","service":"fuelwatch-backend"}
{"level":"info","message":"GET /api/predictions/forecast","service":"fuelwatch-backend"}
{"level":"info","message":"GET /api/predictions/forecast","service":"fuelwatch-backend"}
{"level":"info","message":"POST /api/predictions/staffing","service":"fuelwatch-backend"}
{"level":"info","message":"GET /api/fuel/stocks","service":"fuelwatch-backend"}
{"level":"info","message":"GET /api/fuel/stocks","service":"fuelwatch-backend"}
{"level":"info","message":"POST /api/predictions/staffing","service":"fuelwatch-backend"}
{"level":"info","message":"GET /api/predictions/forecast","service":"fuelwatch-backend"}
{"level":"info","message":"GET /api/predictions/forecast","service":"fuelwatch-backend"}
{"level":"info","message":"POST /api/predictions/staffing","service":"fuelwatch-backend"}
{"level":"info","message":"POST /api/predictions/staffing","service":"fuelwatch-backend"}
{"level":"info","message":"POST /api/predictions/staffing","service":"fuelwatch-backend"}
{"level":"info","message":"POST /api/predictions/staffing","service":"fuelwatch-backend"}
{"level":"info","message":"POST /api/predictions/staffing","service":"fuelwatch-backend"}
{"level":"info","message":"POST /api/predictions/staffing","service":"fuelwatch-backend"}
{"level":"info","message":"Server running on port 3001","service":"fuelwatch-backend"}
{"level":"info","message":"Database connected successfully","service":"fuelwatch-backend"}
{"level":"info","message":"GET /api/fuel/stocks","service":"fuelwatch-backend"}
{"level":"info","message":"GET /api/fuel/stocks","service":"fuelwatch-backend"}
{"level":"info","message":"GET /api/attendance/active","service":"fuelwatch-backend"}
{"level":"info","message":"GET /api/employees","service":"fuelwatch-backend"}
{"level":"info","message":"GET /api/predictions/forecast","service":"fuelwatch-backend"}
{"level":"info","message":"POST /api/predictions/staffing","service":"fuelwatch-backend"}
{"level":"info","message":"POST /api/predictions/staffing","service":"fuelwatch-backend"}
{"level":"info","message":"GET /api/fuel/stocks","service":"fuelwatch-backend"}
{"level":"info","message":"GET /api/fuel/stocks","service":"fuelwatch-backend"}
{"level":"info","message":"GET /api/fuel/stocks","service":"fuelwatch-backend"}
{"level":"info","message":"GET /api/fuel/stocks","service":"fuelwatch-backend"}
{"level":"info","message":"GET /api/fuel/stocks","service":"fuelwatch-backend"}
{"level":"info","message":"GET /api/fuel/stocks","service":"fuelwatch-backend"}
{"level":"info","message":"GET /api/fuel/stocks","service":"fuelwatch-backend"}
{"level":"info","message":"GET /api/fuel/stocks","service":"fuelwatch-backend"}
{"level":"info","message":"GET /api/fuel/stocks","service":"fuelwatch-backend"}
{"level":"info","message":"GET /api/fuel/stocks","service":"fuelwatch-backend"}
{"level":"info","message":"GET /api/fuel/stocks","service":"fuelwatch-backend"}
{"level":"info","message":"GET /api/fuel/stocks","service":"fuelwatch-backend"}
{"level":"info","message":"GET /api/fuel/stocks","service":"fuelwatch-backend"}
{"level":"info","message":"GET /api/fuel/stocks","service":"fuelwatch-backend"}
{"level":"info","message":"GET /api/attendance/active","service":"fuelwatch-backend"}
{"level":"info","message":"GET /api/employees","service":"fuelwatch-backend"}
{"level":"info","message":"GET /api/attendance/active","service":"fuelwatch-backend"}
{"level":"info","message":"GET /api/employees","service":"fuelwatch-backend"}
{"level":"info","message":"GET /api/predictions/forecast","service":"fuelwatch-backend"}
{"level":"info","message":"POST /api/predictions/staffing","service":"fuelwatch-backend"}
{"level":"info","message":"GET /api/predictions/forecast","service":"fuelwatch-backend"}
{"level":"info","message":"POST /api/predictions/staffing","service":"fuelwatch-backend"}
{"level":"info","message":"GET /api/fuel/stocks","service":"fuelwatch-backend"}
{"level":"info","message":"GET /api/fuel/stocks","service":"fuelwatch-backend"}
{"level":"info","message":"GET /api/fuel/stocks","service":"fuelwatch-backend"}
{"level":"info","message":"GET /api/fuel/stocks","service":"fuelwatch-backend"}
{"level":"info","message":"GET /api/fuel/stocks","service":"fuelwatch-backend"}
{"level":"info","message":"GET /api/fuel/stocks","service":"fuelwatch-backend"}
{"level":"info","message":"Server running on port 3001","service":"fuelwatch-backend"}
{"level":"info","message":"Database connected successfully","service":"fuelwatch-backend"}
{"level":"info","message":"GET /api/fuel/stocks","service":"fuelwatch-backend"}
{"level":"info","message":"GET /api/fuel/stocks","service":"fuelwatch-backend"}
{"level":"info","message":"GET /api/fuel/stocks","service":"fuelwatch-backend"}
{"level":"info","message":"GET /api/fuel/stocks","service":"fuelwatch-backend"}
{"level":"info","message":"GET /api/fuel/stocks","service":"fuelwatch-backend"}
{"level":"info","message":"Server running on port 3001","service":"fuelwatch-backend"}
{"level":"info","message":"Database connected successfully","service":"fuelwatch-backend"}
{"level":"info","message":"GET /stocks 401","service":"fuelwatch-backend"}
{"level":"info","message":"GET /stocks 401","service":"fuelwatch-backend"}
{"level":"info","message":"GET /stocks 401","service":"fuelwatch-backend"}
{"level":"info","message":"GET /stocks 401","service":"fuelwatch-backend"}
{"level":"info","message":"POST /login 200","service":"fuelwatch-backend"}
{"level":"info","message":"GET /stocks 200","service":"fuelwatch-backend"}
{"level":"info","message":"GET /active 200","service":"fuelwatch-backend"}
{"level":"info","message":"GET / 200","service":"fuelwatch-backend"}
{"level":"info","message":"POST /login 200","service":"fuelwatch-backend"}
{"level":"info","message":"GET /stocks 304","service":"fuelwatch-backend"}
{"level":"info","message":"GET /stocks 304","service":"fuelwatch-backend"}
{"level":"info","message":"GET /forecast 200","service":"fuelwatch-backend"}
{"level":"info","message":"POST /staffing 200","service":"fuelwatch-backend"}
{"level":"info","message":"POST /staffing 200","service":"fuelwatch-backend"}
{"level":"info","message":"GET /stocks 304","service":"fuelwatch-backend"}
{"level":"info","message":"GET /stocks 304","service":"fuelwatch-backend"}
{"level":"info","message":"GET /active 304","service":"fuelwatch-backend"}
{"level":"info","message":"GET / 304","service":"fuelwatch-backend"}
{"level":"info","message":"GET /forecast 304","service":"fuelwatch-backend"}
{"level":"info","message":"GET /forecast 304","service":"fuelwatch-backend"}
{"level":"info","message":"POST /staffing 200","service":"fuelwatch-backend"}
{"level":"info","message":"POST /staffing 200","service":"fuelwatch-backend"}
{"level":"info","message":"GET /stocks 304","service":"fuelwatch-backend"}
{"level":"info","message":"GET /stocks 304","service":"fuelwatch-backend"}
{"level":"info","message":"GET /stocks 304","service":"fuelwatch-backend"}
{"level":"info","message":"GET /stocks 304","service":"fuelwatch-backend"}
{"level":"info","message":"GET /active 304","service":"fuelwatch-backend"}
{"level":"info","message":"GET / 304","service":"fuelwatch-backend"}
{"level":"info","message":"GET / 304","service":"fuelwatch-backend"}
{"level":"info","message":"GET /active 304","service":"fuelwatch-backend"}
{"level":"info","message":"GET /active 304","service":"fuelwatch-backend"}
{"level":"info","message":"GET /active 304","service":"fuelwatch-backend"}
{"level":"info","message":"GET /active 304","service":"fuelwatch-backend"}
{"level":"info","message":"GET /stocks 304","service":"fuelwatch-backend"}
{"level":"info","message":"GET /stocks 304","service":"fuelwatch-backend"}
{"level":"info","message":"GET /stocks 304","service":"fuelwatch-backend"}
{"level":"info","message":"GET /stocks 304","service":"fuelwatch-backend"}
{"level":"info","message":"GET /stocks 304","service":"fuelwatch-backend"}
{"level":"info","message":"GET /stocks 304","service":"fuelwatch-backend"}
{"level":"info","message":"GET /stocks 304","service":"fuelwatch-backend"}
{"level":"info","message":"GET /stocks 304","service":"fuelwatch-backend"}
{"level":"info","message":"GET /stocks 304","service":"fuelwatch-backend"}
{"level":"info","message":"GET /stocks 304","service":"fuelwatch-backend"}
{"level":"info","message":"GET /stocks 304","service":"fuelwatch-backend"}
{"level":"info","message":"GET /stocks 304","service":"fuelwatch-backend"}
{"level":"info","message":"GET /stocks 304","service":"fuelwatch-backend"}
{"level":"info","message":"GET /stocks 304","service":"fuelwatch-backend"}
{"level":"info","message":"GET /stocks 304","service":"fuelwatch-backend"}
{"level":"info","message":"GET /active 304","service":"fuelwatch-backend"}
{"level":"info","message":"GET /active 304","service":"fuelwatch-backend"}
{"level":"info","message":"GET / 304","service":"fuelwatch-backend"}
{"level":"info","message":"GET / 304","service":"fuelwatch-backend"}
{"level":"info","message":"GET /forecast 304","service":"fuelwatch-backend"}
{"level":"info","message":"GET /forecast 304","service":"fuelwatch-backend"}
{"level":"info","message":"POST /staffing 200","service":"fuelwatch-backend"}
{"level":"info","message":"POST /staffing 200","service":"fuelwatch-backend"}
{"level":"info","message":"POST /staffing 200","service":"fuelwatch-backend"}
{"level":"info","message":"POST /staffing 200","service":"fuelwatch-backend"}
{"level":"info","message":"POST /staffing 200","service":"fuelwatch-backend"}
{"level":"info","message":"POST /staffing 200","service":"fuelwatch-backend"}
{"level":"info","message":"POST /staffing 200","service":"fuelwatch-backend"}
{"level":"info","message":"POST /staffing 200","service":"fuelwatch-backend"}
{"level":"info","message":"GET /stocks 304","service":"fuelwatch-backend"}
{"level":"info","message":"GET /stocks 304","service":"fuelwatch-backend"}
{"level":"info","message":"GET / 304","service":"fuelwatch-backend"}
{"level":"info","message":"GET /active 304","service":"fuelwatch-backend"}
{"level":"info","message":"GET / 304","service":"fuelwatch-backend"}
{"level":"info","message":"GET /active 304","service":"fuelwatch-backend"}
{"level":"info","message":"POST /checkin 201","service":"fuelwatch-backend"}
{"level":"info","message":"GET /stocks 304","service":"fuelwatch-backend"}
{"level":"info","message":"GET /stocks 304","service":"fuelwatch-backend"}
{"level":"info","message":"GET /stocks 304","service":"fuelwatch-backend"}
{"level":"info","message":"GET /stocks 304","service":"fuelwatch-backend"}
{"level":"info","message":"GET / 304","service":"fuelwatch-backend"}
{"level":"info","message":"GET /active 200","service":"fuelwatch-backend"}
{"level":"info","message":"GET /active 200","service":"fuelwatch-backend"}
{"level":"info","message":"GET / 304","service":"fuelwatch-backend"}
{"level":"info","message":"GET /forecast 304","service":"fuelwatch-backend"}
{"level":"info","message":"GET /forecast 304","service":"fuelwatch-backend"}
{"level":"info","message":"POST /staffing 200","service":"fuelwatch-backend"}
{"level":"info","message":"POST /staffing 200","service":"fuelwatch-backend"}
{"level":"info","message":"GET /stocks 304","service":"fuelwatch-backend"}
{"level":"info","message":"GET /stocks 304","service":"fuelwatch-backend"}
{"level":"info","message":"GET /stocks 304","service":"fuelwatch-backend"}
{"level":"info","message":"GET /stocks 304","service":"fuelwatch-backend"}
{"level":"info","message":"GET /stocks 304","service":"fuelwatch-backend"}
{"level":"info","message":"GET /stocks 304","service":"fuelwatch-backend"}
{"level":"info","message":"GET /stocks 304","service":"fuelwatch-backend"}
{"level":"info","message":"GET /stocks 304","service":"fuelwatch-backend"}
{"level":"info","message":"GET /stocks 304","service":"fuelwatch-backend"}
{"level":"info","message":"GET /active 304","service":"fuelwatch-backend"}
{"level":"info","message":"GET / 304","service":"fuelwatch-backend"}
{"level":"info","message":"GET /forecast 304","service":"fuelwatch-backend"}
{"level":"info","message":"POST /staffing 200","service":"fuelwatch-backend"}
{"level":"info","message":"POST /staffing 200","service":"fuelwatch-backend"}
{"level":"info","message":"POST /staffing 200","service":"fuelwatch-backend"}
{"level":"info","message":"POST /staffing 200","service":"fuelwatch-backend"}
{"level":"info","message":"POST /staffing 200","service":"fuelwatch-backend"}
{"level":"info","message":"POST /staffing 200","service":"fuelwatch-backend"}
{"level":"info","message":"POST /staffing 200","service":"fuelwatch-backend"}
{"level":"info","message":"POST /staffing 200","service":"fuelwatch-backend"}
{"level":"info","message":"GET /stocks 304","service":"fuelwatch-backend"}
{"level":"info","message":"GET / 304","service":"fuelwatch-backend"}
{"level":"info","message":"GET /active 304","service":"fuelwatch-backend"}
{"level":"info","message":"GET /active 304","service":"fuelwatch-backend"}
{"level":"info","message":"GET / 304","service":"fuelwatch-backend"}
{"level":"info","message":"GET /forecast 304","service":"fuelwatch-backend"}
{"level":"info","message":"POST /staffing 200","service":"fuelwatch-backend"}
{"level":"info","message":"POST /staffing 200","service":"fuelwatch-backend"}
{"level":"info","message":"GET /stocks 304","service":"fuelwatch-backend"}
{"level":"info","message":"GET /stocks 304","service":"fuelwatch-backend"}
{"level":"info","message":"GET /stocks 304","service":"fuelwatch-backend"}
{"level":"info","message":"GET /stocks 304","service":"fuelwatch-backend"}
{"level":"info","message":"GET /stocks 304","service":"fuelwatch-backend"}
{"level":"info","message":"GET /stocks 304","service":"fuelwatch-backend"}
{"level":"info","message":"GET /stocks 304","service":"fuelwatch-backend"}
{"level":"info","message":"GET /stocks 304","service":"fuelwatch-backend"}
{"level":"info","message":"GET /stocks 304","service":"fuelwatch-backend"}
{"level":"info","message":"GET /stocks 304","service":"fuelwatch-backend"}
{"level":"info","message":"GET /stocks 304","service":"fuelwatch-backend"}
{"level":"info","message":"GET /stocks 304","service":"fuelwatch-backend"}
{"level":"info","message":"GET /stocks 304","service":"fuelwatch-backend"}
{"level":"info","message":"GET /stocks 304","service":"fuelwatch-backend"}
{"level":"info","message":"GET /stocks 304","service":"fuelwatch-backend"}
{"level":"info","message":"GET /stocks 304","service":"fuelwatch-backend"}
{"level":"info","message":"GET /stocks 304","service":"fuelwatch-backend"}
{"level":"info","message":"GET / 304","service":"fuelwatch-backend"}
{"level":"info","message":"GET /active 304","service":"fuelwatch-backend"}
{"level":"info","message":"GET /stocks 304","service":"fuelwatch-backend"}
{"level":"info","message":"GET /stocks 304","service":"fuelwatch-backend"}
{"level":"info","message":"POST /staffing 200","service":"fuelwatch-backend"}
{"level":"info","message":"POST /staffing 200","service":"fuelwatch-backend"}
{"level":"info","message":"GET /stocks 304","service":"fuelwatch-backend"}
{"level":"info","message":"GET /stocks 304","service":"fuelwatch-backend"}
{"level":"info","message":"GET /active 304","service":"fuelwatch-backend"}
{"level":"info","message":"GET / 304","service":"fuelwatch-backend"}
{"level":"info","message":"GET /active 304","service":"fuelwatch-backend"}
{"level":"info","message":"GET / 304","service":"fuelwatch-backend"}
{"level":"info","message":"GET /forecast 304","service":"fuelwatch-backend"}
{"level":"info","message":"POST /staffing 200","service":"fuelwatch-backend"}
{"level":"info","message":"POST /staffing 200","service":"fuelwatch-backend"}
{"level":"info","message":"POST /staffing 200","service":"fuelwatch-backend"}
{"level":"info","message":"POST /staffing 200","service":"fuelwatch-backend"}
{"level":"info","message":"POST /staffing 200","service":"fuelwatch-backend"}
{"level":"info","message":"POST /staffing 200","service":"fuelwatch-backend"}
{"level":"info","message":"POST /staffing 200","service":"fuelwatch-backend"}
{"level":"info","message":"POST /staffing 200","service":"fuelwatch-backend"}
{"level":"info","message":"GET /stocks 304","service":"fuelwatch-backend"}
{"level":"info","message":"GET /stocks 304","service":"fuelwatch-backend"}
{"level":"info","message":"GET /forecast 304","service":"fuelwatch-backend"}
{"level":"info","message":"GET /forecast 304","service":"fuelwatch-backend"}
{"level":"info","message":"POST /staffing 200","service":"fuelwatch-backend"}
{"level":"info","message":"POST /staffing 200","service":"fuelwatch-backend"}
{"level":"info","message":"GET / 304","service":"fuelwatch-backend"}
{"level":"info","message":"GET /active 304","service":"fuelwatch-backend"}
{"level":"info","message":"GET /active 304","service":"fuelwatch-backend"}
{"level":"info","message":"GET / 304","service":"fuelwatch-backend"}
{"level":"info","message":"GET /stocks 304","service":"fuelwatch-backend"}
{"level":"info","message":"GET /stocks 304","service":"fuelwatch-backend"}
{"level":"info","message":"GET /stocks 304","service":"fuelwatch-backend"}
{"level":"info","message":"GET /stocks 304","service":"fuelwatch-backend"}
{"level":"info","message":"GET /forecast 304","service":"fuelwatch-backend"}
{"level":"info","message":"GET /forecast 304","service":"fuelwatch-backend"}
{"level":"info","message":"POST /staffing 200","service":"fuelwatch-backend"}
{"level":"info","message":"POST /staffing 200","service":"fuelwatch-backend"}
{"level":"info","message":"GET /stocks 304","service":"fuelwatch-backend"}
{"level":"info","message":"GET /stocks 304","service":"fuelwatch-backend"}
{"level":"info","message":"GET /active 304","service":"fuelwatch-backend"}
{"level":"info","message":"GET / 304","service":"fuelwatch-backend"}
{"level":"info","message":"GET /active 304","service":"fuelwatch-backend"}
{"level":"info","message":"GET / 304","service":"fuelwatch-backend"}
{"level":"info","message":"GET /forecast 304","service":"fuelwatch-backend"}
{"level":"info","message":"GET /forecast 304","service":"fuelwatch-backend"}
{"level":"info","message":"POST /staffing 200","service":"fuelwatch-backend"}
{"level":"info","message":"POST /staffing 200","service":"fuelwatch-backend"}
{"level":"info","message":"Server running on port 3001","service":"fuelwatch-backend"}
{"address":"127.0.0.1","code":"ECONNREFUSED","errno":-61,"fatal":true,"level":"error","message":"Database connection failed: connect ECONNREFUSED 127.0.0.1:8889","port":8889,"service":"fuelwatch-backend","stack":"Error: connect ECONNREFUSED 127.0.0.1:8889\n    at TCPConnectWrap.afterConnect [as oncomplete] (node:net:1611:16)","syscall":"connect"}
{"level":"info","message":"Server running on port 3001","service":"fuelwatch-backend"}
{"level":"info","message":"Database connected successfully","service":"fuelwatch-backend"}
{"level":"info","message":"GET /stocks 401","service":"fuelwatch-backend"}
{"level":"info","message":"GET /active 401","service":"fuelwatch-backend"}
{"level":"info","message":"GET / 401","service":"fuelwatch-backend"}
{"level":"info","message":"GET /stocks 401","service":"fuelwatch-backend"}
{"level":"info","message":"GET /stocks 401","service":"fuelwatch-backend"}
{"level":"info","message":"POST /login 200","service":"fuelwatch-backend"}
{"level":"info","message":"GET /stocks 200","service":"fuelwatch-backend"}
{"level":"info","message":"GET /active 200","service":"fuelwatch-backend"}
{"level":"info","message":"GET / 200","service":"fuelwatch-backend"}
{"level":"info","message":"GET /forecast 200","service":"fuelwatch-backend"}
{"level":"info","message":"POST /staffing 200","service":"fuelwatch-backend"}
{"level":"info","message":"POST /staffing 200","service":"fuelwatch-backend"}
{"level":"info","message":"GET /active 304","service":"fuelwatch-backend"}
{"level":"info","message":"GET / 304","service":"fuelwatch-backend"}
{"level":"info","message":"GET / 304","service":"fuelwatch-backend"}
{"level":"info","message":"GET /active 304","service":"fuelwatch-backend"}
{"level":"info","message":"GET /stocks 304","service":"fuelwatch-backend"}
{"level":"info","message":"GET /stocks 304","service":"fuelwatch-backend"}
{"level":"info","message":"GET /stocks 304","service":"fuelwatch-backend"}
{"level":"info","message":"GET /stocks 304","service":"fuelwatch-backend"}
{"level":"info","message":"GET /stocks 304","service":"fuelwatch-backend"}
{"level":"info","message":"HEAD /api/auth/test 404","service":"fuelwatch-backend"}
{"level":"info","message":"GET /stocks 304","service":"fuelwatch-backend"}
{"level":"info","message":"GET /stocks 304","service":"fuelwatch-backend"}
{"level":"info","message":"GET / 404","service":"fuelwatch-backend"}
{"level":"info","message":"GET /stocks 304","service":"fuelwatch-backend"}
{"level":"info","message":"GET /active 304","service":"fuelwatch-backend"}
{"level":"info","message":"GET / 304","service":"fuelwatch-backend"}
{"level":"info","message":"GET / 304","service":"fuelwatch-backend"}
{"level":"info","message":"GET /active 304","service":"fuelwatch-backend"}
{"level":"info","message":"GET /forecast 304","service":"fuelwatch-backend"}
{"level":"info","message":"GET /forecast 304","service":"fuelwatch-backend"}
{"level":"info","message":"POST /staffing 200","service":"fuelwatch-backend"}
{"level":"info","message":"POST /staffing 200","service":"fuelwatch-backend"}
{"level":"info","message":"GET /active 304","service":"fuelwatch-backend"}
{"level":"info","message":"GET / 304","service":"fuelwatch-backend"}
{"level":"info","message":"GET /active 304","service":"fuelwatch-backend"}
{"level":"info","message":"GET / 304","service":"fuelwatch-backend"}
{"level":"info","message":"GET /stocks 304","service":"fuelwatch-backend"}
{"level":"info","message":"GET /stocks 304","service":"fuelwatch-backend"}
{"level":"info","message":"GET /stocks 304","service":"fuelwatch-backend"}
{"level":"info","message":"GET /active 304","service":"fuelwatch-backend"}
{"level":"info","message":"GET / 304","service":"fuelwatch-backend"}
{"level":"info","message":"GET / 304","service":"fuelwatch-backend"}
{"level":"info","message":"GET /active 304","service":"fuelwatch-backend"}
{"level":"info","message":"GET /active 304","service":"fuelwatch-backend"}
{"level":"info","message":"GET /active 304","service":"fuelwatch-backend"}
{"level":"info","message":"GET /stocks 304","service":"fuelwatch-backend"}
{"level":"info","message":"GET /stocks 304","service":"fuelwatch-backend"}
{"level":"info","message":"GET /active 304","service":"fuelwatch-backend"}
{"level":"info","message":"GET / 304","service":"fuelwatch-backend"}
{"level":"info","message":"GET /active 304","service":"fuelwatch-backend"}
{"level":"info","message":"GET / 304","service":"fuelwatch-backend"}
{"level":"info","message":"POST /login 200","service":"fuelwatch-backend"}
{"level":"info","message":"GET /stocks 304","service":"fuelwatch-backend"}
{"level":"info","message":"GET / 304","service":"fuelwatch-backend"}
{"level":"info","message":"GET /active 304","service":"fuelwatch-backend"}
{"level":"info","message":"GET /forecast 304","service":"fuelwatch-backend"}
{"level":"info","message":"POST /staffing 200","service":"fuelwatch-backend"}
{"level":"info","message":"POST /staffing 200","service":"fuelwatch-backend"}
{"level":"info","message":"POST /staffing 200","service":"fuelwatch-backend"}
{"level":"info","message":"POST /staffing 200","service":"fuelwatch-backend"}
{"level":"info","message":"POST /staffing 200","service":"fuelwatch-backend"}
{"level":"info","message":"POST /staffing 200","service":"fuelwatch-backend"}
{"level":"info","message":"POST /staffing 200","service":"fuelwatch-backend"}
{"level":"info","message":"POST /staffing 200","service":"fuelwatch-backend"}
{"level":"info","message":"POST /staffing 200","service":"fuelwatch-backend"}
{"level":"info","message":"POST /staffing 200","service":"fuelwatch-backend"}
{"level":"info","message":"POST /staffing 200","service":"fuelwatch-backend"}
{"level":"info","message":"POST /staffing 200","service":"fuelwatch-backend"}
{"level":"info","message":"POST /staffing 200","service":"fuelwatch-backend"}
{"level":"info","message":"POST /staffing 200","service":"fuelwatch-backend"}
{"level":"info","message":"POST /staffing 200","service":"fuelwatch-backend"}
{"level":"info","message":"POST /staffing 200","service":"fuelwatch-backend"}
{"level":"info","message":"POST /staffing 200","service":"fuelwatch-backend"}
{"level":"info","message":"POST /staffing 200","service":"fuelwatch-backend"}
{"level":"info","message":"GET /forecast 304","service":"fuelwatch-backend"}
{"level":"info","message":"POST /staffing 200","service":"fuelwatch-backend"}
{"level":"info","message":"GET /forecast 304","service":"fuelwatch-backend"}
{"level":"info","message":"POST /staffing 200","service":"fuelwatch-backend"}
{"level":"info","message":"POST /staffing 200","service":"fuelwatch-backend"}
{"level":"info","message":"POST /staffing 200","service":"fuelwatch-backend"}
{"level":"info","message":"POST /staffing 200","service":"fuelwatch-backend"}
{"level":"info","message":"POST /staffing 200","service":"fuelwatch-backend"}
{"level":"info","message":"POST /staffing 200","service":"fuelwatch-backend"}
{"level":"info","message":"POST /staffing 200","service":"fuelwatch-backend"}
{"level":"info","message":"POST /staffing 200","service":"fuelwatch-backend"}
{"level":"info","message":"POST /staffing 200","service":"fuelwatch-backend"}
{"level":"info","message":"POST /staffing 200","service":"fuelwatch-backend"}
{"level":"info","message":"POST /staffing 200","service":"fuelwatch-backend"}
{"level":"info","message":"GET /stocks 304","service":"fuelwatch-backend"}
{"level":"info","message":"GET /stocks 304","service":"fuelwatch-backend"}
{"level":"info","message":"GET /forecast 304","service":"fuelwatch-backend"}
{"level":"info","message":"GET /forecast 304","service":"fuelwatch-backend"}
{"level":"info","message":"POST /staffing 200","service":"fuelwatch-backend"}
{"level":"info","message":"POST /staffing 200","service":"fuelwatch-backend"}
{"level":"info","message":"POST /staffing 200","service":"fuelwatch-backend"}
{"level":"info","message":"POST /staffing 200","service":"fuelwatch-backend"}
{"level":"info","message":"POST /staffing 200","service":"fuelwatch-backend"}
{"level":"info","message":"POST /staffing 200","service":"fuelwatch-backend"}
{"level":"info","message":"POST /staffing 200","service":"fuelwatch-backend"}
{"level":"info","message":"POST /staffing 200","service":"fuelwatch-backend"}
{"level":"info","message":"POST /staffing 200","service":"fuelwatch-backend"}
{"level":"info","message":"POST /staffing 200","service":"fuelwatch-backend"}
{"level":"info","message":"POST /staffing 200","service":"fuelwatch-backend"}
{"level":"info","message":"POST /staffing 200","service":"fuelwatch-backend"}
{"level":"info","message":"POST /staffing 200","service":"fuelwatch-backend"}
{"level":"info","message":"Server running on port 3001","service":"fuelwatch-backend"}
{"level":"info","message":"Database connected successfully","service":"fuelwatch-backend"}
{"level":"info","message":"Server running on port 3001","service":"fuelwatch-backend"}
{"level":"info","message":"Database connected successfully","service":"fuelwatch-backend"}
{"level":"info","message":"GET /stocks 304","service":"fuelwatch-backend"}
{"level":"info","message":"GET /active 304","service":"fuelwatch-backend"}
{"level":"info","message":"GET / 304","service":"fuelwatch-backend"}
{"level":"info","message":"Server running on port 3001","service":"fuelwatch-backend"}
{"level":"info","message":"Database connected successfully","service":"fuelwatch-backend"}
{"level":"info","message":"GET /active 304","service":"fuelwatch-backend"}
{"level":"info","message":"GET /active 304","service":"fuelwatch-backend"}
{"level":"info","message":"POST /checkin 201","service":"fuelwatch-backend"}
{"level":"info","message":"GET /stocks 304","service":"fuelwatch-backend"}
{"level":"info","message":"GET /stocks 304","service":"fuelwatch-backend"}
{"level":"info","message":"GET / 304","service":"fuelwatch-backend"}
{"level":"info","message":"GET /active 200","service":"fuelwatch-backend"}
{"level":"info","message":"GET /active 200","service":"fuelwatch-backend"}
{"level":"info","message":"GET / 304","service":"fuelwatch-backend"}
{"level":"info","message":"GET /forecast 304","service":"fuelwatch-backend"}
{"level":"info","message":"POST /staffing 200","service":"fuelwatch-backend"}
{"level":"info","message":"POST /staffing 200","service":"fuelwatch-backend"}
{"level":"info","message":"POST /staffing 200","service":"fuelwatch-backend"}
{"level":"info","message":"POST /staffing 200","service":"fuelwatch-backend"}
{"level":"info","message":"POST /staffing 200","service":"fuelwatch-backend"}
{"level":"info","message":"POST /staffing 200","service":"fuelwatch-backend"}
{"level":"info","message":"POST /staffing 200","service":"fuelwatch-backend"}
{"level":"info","message":"POST /staffing 200","service":"fuelwatch-backend"}
{"level":"info","message":"POST /staffing 200","service":"fuelwatch-backend"}
{"level":"info","message":"POST /staffing 200","service":"fuelwatch-backend"}
{"level":"info","message":"POST /staffing 200","service":"fuelwatch-backend"}
{"level":"info","message":"GET /active 304","service":"fuelwatch-backend"}
{"level":"info","message":"GET / 304","service":"fuelwatch-backend"}
{"level":"info","message":"GET /active 304","service":"fuelwatch-backend"}
{"level":"info","message":"GET / 304","service":"fuelwatch-backend"}
{"level":"info","message":"GET /stocks 304","service":"fuelwatch-backend"}
{"level":"info","message":"GET /stocks 304","service":"fuelwatch-backend"}
{"level":"info","message":"GET /stocks 304","service":"fuelwatch-backend"}
{"level":"info","message":"GET /stocks 304","service":"fuelwatch-backend"}
{"level":"info","message":"GET /active 304","service":"fuelwatch-backend"}
{"level":"info","message":"GET / 304","service":"fuelwatch-backend"}
{"level":"info","message":"GET /active 304","service":"fuelwatch-backend"}
{"level":"info","message":"GET / 304","service":"fuelwatch-backend"}
{"level":"info","message":"GET /stocks 304","service":"fuelwatch-backend"}
{"level":"info","message":"GET /stocks 304","service":"fuelwatch-backend"}
{"level":"info","message":"GET /active 304","service":"fuelwatch-backend"}
{"level":"info","message":"GET / 304","service":"fuelwatch-backend"}
{"level":"info","message":"GET / 304","service":"fuelwatch-backend"}
{"level":"info","message":"GET /active 304","service":"fuelwatch-backend"}
{"level":"info","message":"GET /forecast 304","service":"fuelwatch-backend"}
{"level":"info","message":"GET /forecast 304","service":"fuelwatch-backend"}
{"level":"info","message":"POST /staffing 200","service":"fuelwatch-backend"}
{"level":"info","message":"POST /staffing 200","service":"fuelwatch-backend"}
{"level":"info","message":"POST /staffing 200","service":"fuelwatch-backend"}
{"level":"info","message":"POST /staffing 200","service":"fuelwatch-backend"}
{"level":"info","message":"POST /staffing 200","service":"fuelwatch-backend"}
{"level":"info","message":"POST /staffing 200","service":"fuelwatch-backend"}
{"level":"info","message":"POST /staffing 200","service":"fuelwatch-backend"}
{"level":"info","message":"POST /staffing 200","service":"fuelwatch-backend"}
{"level":"info","message":"GET / 304","service":"fuelwatch-backend"}
{"level":"info","message":"GET /active 304","service":"fuelwatch-backend"}
{"level":"info","message":"GET /active 304","service":"fuelwatch-backend"}
{"level":"info","message":"GET / 304","service":"fuelwatch-backend"}
{"level":"info","message":"GET /stocks 304","service":"fuelwatch-backend"}
{"level":"info","message":"GET /stocks 304","service":"fuelwatch-backend"}
{"level":"info","message":"Server running on port 3001","service":"fuelwatch-backend"}
{"level":"info","message":"Database connected successfully","service":"fuelwatch-backend"}
{"level":"info","message":"GET /stocks 304","service":"fuelwatch-backend"}
{"level":"info","message":"GET /forecast 304","service":"fuelwatch-backend"}
{"level":"info","message":"POST /staffing 200","service":"fuelwatch-backend"}
{"level":"info","message":"POST /staffing 200","service":"fuelwatch-backend"}
{"level":"info","message":"POST /staffing 200","service":"fuelwatch-backend"}
{"level":"info","message":"POST /staffing 200","service":"fuelwatch-backend"}
{"level":"info","message":"POST /staffing 200","service":"fuelwatch-backend"}
{"level":"info","message":"POST /staffing 200","service":"fuelwatch-backend"}
{"level":"info","message":"POST /staffing 200","service":"fuelwatch-backend"}
{"level":"info","message":"POST /staffing 200","service":"fuelwatch-backend"}
{"level":"info","message":"Server running on port 3001","service":"fuelwatch-backend"}
{"level":"info","message":"Database connected successfully","service":"fuelwatch-backend"}
{"level":"info","message":"POST /staffing 200","service":"fuelwatch-backend"}
{"level":"info","message":"POST /staffing 200","service":"fuelwatch-backend"}
{"level":"info","message":"POST /staffing 200","service":"fuelwatch-backend"}
{"level":"info","message":"POST /staffing 200","service":"fuelwatch-backend"}
{"level":"info","message":"POST /staffing 200","service":"fuelwatch-backend"}
{"level":"info","message":"POST /staffing 200","service":"fuelwatch-backend"}
{"level":"info","message":"POST /staffing 200","service":"fuelwatch-backend"}
{"level":"info","message":"POST /staffing 200","service":"fuelwatch-backend"}
{"level":"info","message":"POST /staffing 200","service":"fuelwatch-backend"}
{"level":"info","message":"POST /staffing 200","service":"fuelwatch-backend"}
{"level":"info","message":"POST /staffing 200","service":"fuelwatch-backend"}
{"level":"info","message":"POST /staffing 200","service":"fuelwatch-backend"}
{"level":"info","message":"POST /staffing 200","service":"fuelwatch-backend"}
{"level":"info","message":"POST /staffing 200","service":"fuelwatch-backend"}
{"level":"info","message":"POST /staffing 200","service":"fuelwatch-backend"}
{"level":"info","message":"POST /staffing 200","service":"fuelwatch-backend"}
{"level":"info","message":"GET /stocks 304","service":"fuelwatch-backend"}
{"level":"info","message":"GET /stocks 304","service":"fuelwatch-backend"}
{"level":"info","message":"GET / 304","service":"fuelwatch-backend"}
{"level":"info","message":"GET /active 304","service":"fuelwatch-backend"}
{"level":"info","message":"GET / 304","service":"fuelwatch-backend"}
{"level":"info","message":"GET /active 304","service":"fuelwatch-backend"}
{"level":"info","message":"GET /forecast 304","service":"fuelwatch-backend"}
{"level":"info","message":"GET /forecast 304","service":"fuelwatch-backend"}
{"level":"info","message":"POST /staffing 200","service":"fuelwatch-backend"}
{"level":"info","message":"POST /staffing 200","service":"fuelwatch-backend"}
{"level":"info","message":"POST /staffing 200","service":"fuelwatch-backend"}
{"level":"info","message":"POST /staffing 200","service":"fuelwatch-backend"}
{"level":"info","message":"POST /staffing 200","service":"fuelwatch-backend"}
{"level":"info","message":"POST /staffing 200","service":"fuelwatch-backend"}
{"level":"info","message":"POST /staffing 200","service":"fuelwatch-backend"}
{"level":"info","message":"POST /staffing 200","service":"fuelwatch-backend"}
{"level":"info","message":"GET /stocks 304","service":"fuelwatch-backend"}
{"level":"info","message":"GET /stocks 304","service":"fuelwatch-backend"}
{"level":"info","message":"GET /forecast 304","service":"fuelwatch-backend"}
{"level":"info","message":"GET /forecast 304","service":"fuelwatch-backend"}
{"level":"info","message":"POST /staffing 200","service":"fuelwatch-backend"}
{"level":"info","message":"POST /staffing 200","service":"fuelwatch-backend"}
{"level":"info","message":"POST /staffing 200","service":"fuelwatch-backend"}
{"level":"info","message":"POST /staffing 200","service":"fuelwatch-backend"}
{"level":"info","message":"POST /staffing 200","service":"fuelwatch-backend"}
{"level":"info","message":"POST /staffing 200","service":"fuelwatch-backend"}
{"level":"info","message":"POST /staffing 200","service":"fuelwatch-backend"}
{"level":"info","message":"POST /staffing 200","service":"fuelwatch-backend"}
{"level":"info","message":"POST /staffing 200","service":"fuelwatch-backend"}
{"level":"info","message":"POST /staffing 200","service":"fuelwatch-backend"}
{"level":"info","message":"POST /staffing 200","service":"fuelwatch-backend"}
{"level":"info","message":"POST /staffing 200","service":"fuelwatch-backend"}
{"level":"info","message":"GET /stocks 304","service":"fuelwatch-backend"}
{"level":"info","message":"GET /forecast 304","service":"fuelwatch-backend"}
{"level":"info","message":"POST /staffing 200","service":"fuelwatch-backend"}
{"level":"info","message":"POST /staffing 200","service":"fuelwatch-backend"}
{"level":"info","message":"POST /staffing 200","service":"fuelwatch-backend"}
{"level":"info","message":"POST /staffing 200","service":"fuelwatch-backend"}
{"level":"info","message":"POST /staffing 200","service":"fuelwatch-backend"}
{"level":"info","message":"POST /staffing 200","service":"fuelwatch-backend"}
{"level":"info","message":"POST /staffing 200","service":"fuelwatch-backend"}
{"level":"info","message":"Server running on port 3001","service":"fuelwatch-backend"}
{"level":"info","message":"Database connected successfully","service":"fuelwatch-backend"}
{"level":"info","message":"POST /login 200","service":"fuelwatch-backend"}
{"level":"info","message":"GET /stocks 200","service":"fuelwatch-backend"}
{"level":"info","message":"GET /active 200","service":"fuelwatch-backend"}
{"level":"info","message":"GET / 304","service":"fuelwatch-backend"}
{"level":"info","message":"GET /forecast 200","service":"fuelwatch-backend"}
{"level":"info","message":"POST /staffing 200","service":"fuelwatch-backend"}
{"level":"info","message":"POST /staffing 200","service":"fuelwatch-backend"}
{"level":"info","message":"POST /staffing 200","service":"fuelwatch-backend"}
{"level":"info","message":"POST /staffing 200","service":"fuelwatch-backend"}
{"level":"info","message":"POST /staffing 200","service":"fuelwatch-backend"}
{"level":"info","message":"POST /staffing 200","service":"fuelwatch-backend"}
{"level":"info","message":"POST /staffing 200","service":"fuelwatch-backend"}
{"level":"info","message":"GET /stocks 304","service":"fuelwatch-backend"}
{"level":"info","message":"GET /stocks 304","service":"fuelwatch-backend"}
{"level":"info","message":"GET /active 304","service":"fuelwatch-backend"}
{"level":"info","message":"GET /active 304","service":"fuelwatch-backend"}
{"level":"info","message":"GET /active 304","service":"fuelwatch-backend"}
{"level":"info","message":"GET /active 304","service":"fuelwatch-backend"}
{"level":"info","message":"GET /stocks 304","service":"fuelwatch-backend"}
{"level":"info","message":"GET /stocks 304","service":"fuelwatch-backend"}
{"level":"info","message":"GET /active 304","service":"fuelwatch-backend"}
{"level":"info","message":"GET /active 304","service":"fuelwatch-backend"}
{"level":"info","message":"GET /active 304","service":"fuelwatch-backend"}
{"level":"info","message":"GET / 304","service":"fuelwatch-backend"}
{"level":"info","message":"GET /active 304","service":"fuelwatch-backend"}
{"level":"info","message":"GET /active 304","service":"fuelwatch-backend"}
{"level":"info","message":"GET /active 304","service":"fuelwatch-backend"}
{"level":"info","message":"GET /active 304","service":"fuelwatch-backend"}
{"level":"info","message":"GET /active 304","service":"fuelwatch-backend"}
{"level":"info","message":"GET /stocks 304","service":"fuelwatch-backend"}
{"level":"info","message":"GET /active 304","service":"fuelwatch-backend"}
{"level":"info","message":"GET / 304","service":"fuelwatch-backend"}
{"level":"info","message":"GET /active 304","service":"fuelwatch-backend"}
{"level":"info","message":"GET /active 304","service":"fuelwatch-backend"}
{"level":"info","message":"GET /active 304","service":"fuelwatch-backend"}
{"level":"info","message":"PUT /2 200","service":"fuelwatch-backend"}
{"level":"info","message":"GET /stocks 304","service":"fuelwatch-backend"}
{"level":"info","message":"GET /active 304","service":"fuelwatch-backend"}
{"level":"info","message":"GET / 200","service":"fuelwatch-backend"}
{"level":"info","message":"PUT /4 200","service":"fuelwatch-backend"}
{"level":"info","message":"GET /stocks 304","service":"fuelwatch-backend"}
{"level":"info","message":"GET /active 304","service":"fuelwatch-backend"}
{"level":"info","message":"GET / 200","service":"fuelwatch-backend"}
{"level":"info","message":"GET /stocks 304","service":"fuelwatch-backend"}
{"level":"info","message":"GET /stocks 304","service":"fuelwatch-backend"}
{"level":"info","message":"GET /stocks 304","service":"fuelwatch-backend"}
{"level":"info","message":"GET / 304","service":"fuelwatch-backend"}
{"level":"info","message":"GET /active 304","service":"fuelwatch-backend"}
{"level":"info","message":"GET /active 304","service":"fuelwatch-backend"}
{"level":"info","message":"POST /register 201","service":"fuelwatch-backend"}
{"level":"info","message":"GET /stocks 304","service":"fuelwatch-backend"}
{"level":"info","message":"GET /active 304","service":"fuelwatch-backend"}
{"level":"info","message":"GET /stocks 304","service":"fuelwatch-backend"}
{"level":"info","message":"GET /active 304","service":"fuelwatch-backend"}
{"level":"info","message":"GET / 200","service":"fuelwatch-backend"}
{"level":"info","message":"POST /login 200","service":"fuelwatch-backend"}
{"level":"info","message":"GET /active 304","service":"fuelwatch-backend"}
{"level":"info","message":"POST /checkin 201","service":"fuelwatch-backend"}
{"level":"info","message":"GET /active 200","service":"fuelwatch-backend"}
{"level":"info","message":"POST /login 200","service":"fuelwatch-backend"}
{"level":"info","message":"GET /stocks 304","service":"fuelwatch-backend"}
{"level":"info","message":"GET /active 304","service":"fuelwatch-backend"}
{"level":"info","message":"POST /checkin 201","service":"fuelwatch-backend"}
{"level":"info","message":"GET /active 200","service":"fuelwatch-backend"}
{"level":"info","message":"GET /stocks 304","service":"fuelwatch-backend"}
{"level":"info","message":"GET /active 304","service":"fuelwatch-backend"}
{"level":"info","message":"GET /active 304","service":"fuelwatch-backend"}
{"level":"info","message":"GET /stocks 304","service":"fuelwatch-backend"}
{"level":"info","message":"GET /forecast 304","service":"fuelwatch-backend"}
{"level":"info","message":"POST /staffing 200","service":"fuelwatch-backend"}
{"level":"info","message":"GET /active 304","service":"fuelwatch-backend"}
{"level":"info","message":"GET /active 304","service":"fuelwatch-backend"}
{"level":"info","message":"GET /active 304","service":"fuelwatch-backend"}
{"level":"info","message":"POST /checkin 400","service":"fuelwatch-backend"}
{"level":"info","message":"GET /active 304","service":"fuelwatch-backend"}
{"level":"info","message":"GET /stocks 304","service":"fuelwatch-backend"}
{"level":"info","message":"GET /stocks 304","service":"fuelwatch-backend"}
{"level":"info","message":"GET /stocks 304","service":"fuelwatch-backend"}
{"level":"info","message":"Server running on port 3001","service":"fuelwatch-backend"}
{"level":"info","message":"Database connected successfully","service":"fuelwatch-backend"}
{"level":"info","message":"Server running on port 3001","service":"fuelwatch-backend"}
{"level":"info","message":"Database connected successfully","service":"fuelwatch-backend"}
{"level":"info","message":"Server running on port 3001","service":"fuelwatch-backend"}
{"level":"info","message":"Database connected successfully","service":"fuelwatch-backend"}
{"level":"info","message":"GET /stocks 304","service":"fuelwatch-backend"}
{"level":"info","message":"GET /stocks 304","service":"fuelwatch-backend"}
{"level":"info","message":"GET /stocks 304","service":"fuelwatch-backend"}
{"level":"info","message":"GET /active 304","service":"fuelwatch-backend"}
{"level":"info","message":"POST /checkout 200","service":"fuelwatch-backend"}
{"level":"info","message":"GET /active 200","service":"fuelwatch-backend"}
{"level":"info","message":"GET /stocks 304","service":"fuelwatch-backend"}
{"level":"info","message":"GET /active 304","service":"fuelwatch-backend"}
{"level":"info","message":"GET / 304","service":"fuelwatch-backend"}
{"level":"info","message":"GET /active 304","service":"fuelwatch-backend"}
{"level":"info","message":"GET /active 304","service":"fuelwatch-backend"}
{"level":"info","message":"GET / 304","service":"fuelwatch-backend"}
{"level":"info","message":"GET /active 304","service":"fuelwatch-backend"}
{"level":"info","message":"GET /active 304","service":"fuelwatch-backend"}
{"level":"info","message":"GET /stocks 304","service":"fuelwatch-backend"}
{"level":"info","message":"GET /stocks 500","service":"fuelwatch-backend"}
{"level":"info","message":"GET /stocks 500","service":"fuelwatch-backend"}
{"level":"info","message":"Server running on port 3001","service":"fuelwatch-backend"}
{"address":"127.0.0.1","code":"ECONNREFUSED","errno":-61,"fatal":true,"level":"error","message":"Database connection failed: connect ECONNREFUSED 127.0.0.1:8889","port":8889,"service":"fuelwatch-backend","stack":"Error: connect ECONNREFUSED 127.0.0.1:8889\n    at TCPConnectWrap.afterConnect [as oncomplete] (node:net:1611:16)","syscall":"connect"}
{"level":"info","message":"Server running on port 3001","service":"fuelwatch-backend"}
{"level":"info","message":"Database connected successfully","service":"fuelwatch-backend"}
{"level":"info","message":"GET /stocks 401","service":"fuelwatch-backend"}
{"level":"info","message":"GET /stocks 401","service":"fuelwatch-backend"}
{"level":"info","message":"GET /stocks 401","service":"fuelwatch-backend"}
{"level":"info","message":"GET /stocks 401","service":"fuelwatch-backend"}
{"level":"info","message":"GET /stocks 401","service":"fuelwatch-backend"}
{"level":"info","message":"GET /stocks 401","service":"fuelwatch-backend"}
{"level":"info","message":"GET /stocks 401","service":"fuelwatch-backend"}
{"level":"info","message":"POST /login 200","service":"fuelwatch-backend"}
{"level":"info","message":"GET /stocks 200","service":"fuelwatch-backend"}
{"level":"info","message":"GET /active 200","service":"fuelwatch-backend"}
{"level":"info","message":"GET / 200","service":"fuelwatch-backend"}
{"level":"info","message":"GET /active 304","service":"fuelwatch-backend"}
{"level":"info","message":"POST /checkin 201","service":"fuelwatch-backend"}
{"level":"info","message":"GET /active 200","service":"fuelwatch-backend"}
{"level":"info","message":"GET /active 304","service":"fuelwatch-backend"}
{"level":"info","message":"GET /active 304","service":"fuelwatch-backend"}
{"level":"info","message":"GET /active 304","service":"fuelwatch-backend"}
{"level":"info","message":"GET /stocks 304","service":"fuelwatch-backend"}
{"level":"info","message":"GET /active 304","service":"fuelwatch-backend"}
{"level":"info","message":"GET / 304","service":"fuelwatch-backend"}
{"level":"info","message":"POST /login 200","service":"fuelwatch-backend"}
{"level":"info","message":"GET /active 304","service":"fuelwatch-backend"}
{"level":"info","message":"POST /checkout 400","service":"fuelwatch-backend"}
{"level":"info","message":"POST /checkout 400","service":"fuelwatch-backend"}
{"level":"info","message":"POST /checkout 400","service":"fuelwatch-backend"}
{"level":"info","message":"POST /checkout 400","service":"fuelwatch-backend"}
{"level":"info","message":"POST /checkout 400","service":"fuelwatch-backend"}
{"level":"info","message":"POST /checkout 400","service":"fuelwatch-backend"}
{"level":"info","message":"POST /checkout 400","service":"fuelwatch-backend"}
{"level":"info","message":"POST /checkout 400","service":"fuelwatch-backend"}
{"level":"info","message":"POST /checkout 400","service":"fuelwatch-backend"}
{"level":"info","message":"POST /checkin 201","service":"fuelwatch-backend"}
{"level":"info","message":"GET /active 200","service":"fuelwatch-backend"}
{"level":"info","message":"POST /checkout 200","service":"fuelwatch-backend"}
{"level":"info","message":"GET /active 200","service":"fuelwatch-backend"}
{"level":"info","message":"GET /active 304","service":"fuelwatch-backend"}
{"level":"info","message":"GET /active 304","service":"fuelwatch-backend"}
{"level":"info","message":"GET /active 304","service":"fuelwatch-backend"}
{"level":"info","message":"GET /active 304","service":"fuelwatch-backend"}
{"level":"info","message":"GET /active 304","service":"fuelwatch-backend"}
{"level":"info","message":"POST /checkout 400","service":"fuelwatch-backend"}
{"level":"info","message":"POST /checkin 201","service":"fuelwatch-backend"}
{"level":"info","message":"GET /active 200","service":"fuelwatch-backend"}
{"level":"info","message":"GET /active 304","service":"fuelwatch-backend"}
{"level":"info","message":"GET /active 304","service":"fuelwatch-backend"}
{"level":"info","message":"GET /active 304","service":"fuelwatch-backend"}
{"level":"info","message":"POST /checkout 200","service":"fuelwatch-backend"}
{"level":"info","message":"GET /active 200","service":"fuelwatch-backend"}
{"level":"info","message":"POST /login 200","service":"fuelwatch-backend"}
{"level":"info","message":"GET /stocks 304","service":"fuelwatch-backend"}
{"level":"info","message":"POST /checkin 400","service":"fuelwatch-backend"}
{"level":"info","message":"GET /active 304","service":"fuelwatch-backend"}
{"level":"info","message":"POST /checkout 200","service":"fuelwatch-backend"}
{"level":"info","message":"GET /active 200","service":"fuelwatch-backend"}
{"level":"info","message":"POST /checkin 201","service":"fuelwatch-backend"}
{"level":"info","message":"GET /active 200","service":"fuelwatch-backend"}
{"level":"info","message":"GET /active 304","service":"fuelwatch-backend"}
{"level":"info","message":"POST /checkout 200","service":"fuelwatch-backend"}
{"level":"info","message":"GET /active 200","service":"fuelwatch-backend"}
{"level":"info","message":"GET /active 304","service":"fuelwatch-backend"}
{"level":"info","message":"Server running on port 3001","service":"fuelwatch-backend"}
{"level":"info","message":"Database connected successfully","service":"fuelwatch-backend"}
{"level":"info","message":"GET /active 200","service":"fuelwatch-backend"}
{"level":"info","message":"GET /active 304","service":"fuelwatch-backend"}
{"level":"info","message":"GET /active 304","service":"fuelwatch-backend"}
{"level":"info","message":"GET /active 304","service":"fuelwatch-backend"}
{"level":"info","message":"POST /checkin 201","service":"fuelwatch-backend"}
{"level":"info","message":"GET /active 200","service":"fuelwatch-backend"}
{"level":"info","message":"GET /active 304","service":"fuelwatch-backend"}
{"level":"info","message":"GET /active 304","service":"fuelwatch-backend"}
{"level":"info","message":"GET /active 304","service":"fuelwatch-backend"}
{"level":"info","message":"GET /active 304","service":"fuelwatch-backend"}
{"level":"info","message":"GET /active 304","service":"fuelwatch-backend"}
{"level":"info","message":"GET /active 304","service":"fuelwatch-backend"}
{"level":"info","message":"GET /active 304","service":"fuelwatch-backend"}
{"level":"info","message":"GET /active 304","service":"fuelwatch-backend"}
{"level":"info","message":"GET /active 304","service":"fuelwatch-backend"}
{"level":"info","message":"GET /active 304","service":"fuelwatch-backend"}
{"level":"info","message":"GET /active 304","service":"fuelwatch-backend"}
{"level":"info","message":"GET /active 304","service":"fuelwatch-backend"}
{"level":"info","message":"GET /active 304","service":"fuelwatch-backend"}
{"level":"info","message":"GET /active 304","service":"fuelwatch-backend"}
{"level":"info","message":"GET /active 304","service":"fuelwatch-backend"}
{"level":"info","message":"GET /stocks 304","service":"fuelwatch-backend"}
{"level":"info","message":"GET /active 304","service":"fuelwatch-backend"}
{"level":"info","message":"GET /active 304","service":"fuelwatch-backend"}
{"level":"info","message":"GET /stocks 304","service":"fuelwatch-backend"}
{"level":"info","message":"GET /active 304","service":"fuelwatch-backend"}
{"level":"info","message":"GET /active 304","service":"fuelwatch-backend"}
{"level":"info","message":"GET /active 304","service":"fuelwatch-backend"}
{"level":"info","message":"GET /active 304","service":"fuelwatch-backend"}
{"level":"info","message":"POST /checkout 200","service":"fuelwatch-backend"}
{"level":"info","message":"GET /active 200","service":"fuelwatch-backend"}
{"level":"info","message":"GET /active 304","service":"fuelwatch-backend"}
{"level":"info","message":"GET /active 304","service":"fuelwatch-backend"}
{"level":"info","message":"GET /stocks 304","service":"fuelwatch-backend"}
{"level":"info","message":"GET /active 304","service":"fuelwatch-backend"}
{"level":"info","message":"GET / 304","service":"fuelwatch-backend"}
{"level":"info","message":"GET /active 304","service":"fuelwatch-backend"}
{"level":"info","message":"GET /active 304","service":"fuelwatch-backend"}
{"level":"info","message":"GET /active 304","service":"fuelwatch-backend"}
{"level":"info","message":"GET /active 304","service":"fuelwatch-backend"}
{"level":"info","message":"GET /active 304","service":"fuelwatch-backend"}
{"level":"info","message":"GET /active 304","service":"fuelwatch-backend"}
{"level":"info","message":"GET /active 304","service":"fuelwatch-backend"}
{"level":"info","message":"POST /checkin 201","service":"fuelwatch-backend"}
{"level":"info","message":"GET /active 200","service":"fuelwatch-backend"}
{"level":"info","message":"GET /active 304","service":"fuelwatch-backend"}
{"level":"info","message":"GET /my-attendance 200","service":"fuelwatch-backend"}
{"level":"info","message":"GET /active 304","service":"fuelwatch-backend"}
{"level":"info","message":"GET /active 304","service":"fuelwatch-backend"}
{"level":"info","message":"GET /active 304","service":"fuelwatch-backend"}
{"level":"info","message":"GET /active 304","service":"fuelwatch-backend"}
{"level":"info","message":"GET /active 304","service":"fuelwatch-backend"}
{"level":"info","message":"GET /my-attendance 304","service":"fuelwatch-backend"}
{"level":"info","message":"GET /active 304","service":"fuelwatch-backend"}
{"level":"info","message":"GET /my-attendance 304","service":"fuelwatch-backend"}
{"level":"info","message":"GET /active 304","service":"fuelwatch-backend"}
{"level":"info","message":"GET /active 304","service":"fuelwatch-backend"}
{"level":"info","message":"POST /checkout 200","service":"fuelwatch-backend"}
{"level":"info","message":"GET /active 200","service":"fuelwatch-backend"}
{"level":"info","message":"GET /my-attendance 200","service":"fuelwatch-backend"}
{"level":"info","message":"GET /active 304","service":"fuelwatch-backend"}
{"level":"info","message":"GET /active 304","service":"fuelwatch-backend"}
{"level":"info","message":"GET /my-attendance 304","service":"fuelwatch-backend"}
{"level":"info","message":"GET /active 304","service":"fuelwatch-backend"}
{"level":"info","message":"GET /my-attendance 304","service":"fuelwatch-backend"}
{"level":"info","message":"GET /active 304","service":"fuelwatch-backend"}
{"level":"info","message":"GET /my-attendance 304","service":"fuelwatch-backend"}
{"level":"info","message":"GET /active 304","service":"fuelwatch-backend"}
{"level":"info","message":"GET /my-attendance 304","service":"fuelwatch-backend"}
{"level":"info","message":"GET /active 304","service":"fuelwatch-backend"}
{"level":"info","message":"GET /active 304","service":"fuelwatch-backend"}
{"level":"info","message":"GET /my-attendance 304","service":"fuelwatch-backend"}
{"level":"info","message":"GET /active 304","service":"fuelwatch-backend"}
{"level":"info","message":"GET /my-attendance 304","service":"fuelwatch-backend"}
{"level":"info","message":"GET /active 304","service":"fuelwatch-backend"}
{"level":"info","message":"GET /my-attendance 304","service":"fuelwatch-backend"}
{"level":"info","message":"GET /active 304","service":"fuelwatch-backend"}
{"level":"info","message":"GET /my-attendance 304","service":"fuelwatch-backend"}
{"level":"info","message":"GET /active 304","service":"fuelwatch-backend"}
{"level":"info","message":"GET /my-attendance 304","service":"fuelwatch-backend"}
{"level":"info","message":"GET /active 304","service":"fuelwatch-backend"}
{"level":"info","message":"GET /active 304","service":"fuelwatch-backend"}
{"level":"info","message":"GET /my-attendance 304","service":"fuelwatch-backend"}
{"level":"info","message":"GET /active 304","service":"fuelwatch-backend"}
{"level":"info","message":"GET /my-attendance 304","service":"fuelwatch-backend"}
{"level":"info","message":"GET /active 304","service":"fuelwatch-backend"}
{"level":"info","message":"GET /my-attendance 304","service":"fuelwatch-backend"}
{"level":"info","message":"GET /active 304","service":"fuelwatch-backend"}
{"level":"info","message":"GET /active 304","service":"fuelwatch-backend"}
{"level":"info","message":"GET /my-attendance 304","service":"fuelwatch-backend"}
{"level":"info","message":"GET /active 304","service":"fuelwatch-backend"}
{"level":"info","message":"GET /active 304","service":"fuelwatch-backend"}
{"level":"info","message":"GET /active 304","service":"fuelwatch-backend"}
{"level":"info","message":"POST /checkin 201","service":"fuelwatch-backend"}
{"level":"info","message":"GET /active 200","service":"fuelwatch-backend"}
{"level":"info","message":"GET /my-attendance 200","service":"fuelwatch-backend"}
{"level":"info","message":"GET /active 304","service":"fuelwatch-backend"}
{"level":"info","message":"GET /active 304","service":"fuelwatch-backend"}
{"level":"info","message":"GET /active 304","service":"fuelwatch-backend"}
{"level":"info","message":"POST /checkout 200","service":"fuelwatch-backend"}
{"level":"info","message":"GET /my-attendance 200","service":"fuelwatch-backend"}
{"level":"info","message":"GET /active 200","service":"fuelwatch-backend"}
{"level":"info","message":"GET /active 304","service":"fuelwatch-backend"}
{"level":"info","message":"GET /active 304","service":"fuelwatch-backend"}
{"level":"info","message":"GET /active 304","service":"fuelwatch-backend"}
{"level":"info","message":"GET /active 304","service":"fuelwatch-backend"}
{"level":"info","message":"GET /my-attendance 304","service":"fuelwatch-backend"}
{"level":"info","message":"GET /active 304","service":"fuelwatch-backend"}
{"level":"info","message":"GET /my-attendance 304","service":"fuelwatch-backend"}
{"level":"info","message":"GET /active 304","service":"fuelwatch-backend"}
{"level":"info","message":"GET /my-attendance 304","service":"fuelwatch-backend"}
{"level":"info","message":"GET /active 304","service":"fuelwatch-backend"}
{"level":"info","message":"GET /my-attendance 304","service":"fuelwatch-backend"}
{"level":"info","message":"GET /active 304","service":"fuelwatch-backend"}
{"level":"info","message":"GET /my-attendance 304","service":"fuelwatch-backend"}
{"level":"info","message":"GET /active 304","service":"fuelwatch-backend"}
{"level":"info","message":"GET /my-attendance 304","service":"fuelwatch-backend"}
{"level":"info","message":"GET /active 304","service":"fuelwatch-backend"}
{"level":"info","message":"GET /my-attendance 304","service":"fuelwatch-backend"}
{"level":"info","message":"GET /active 304","service":"fuelwatch-backend"}
{"level":"info","message":"GET /my-attendance 304","service":"fuelwatch-backend"}
{"level":"info","message":"GET /active 304","service":"fuelwatch-backend"}
{"level":"info","message":"GET /my-attendance 304","service":"fuelwatch-backend"}
{"level":"info","message":"GET /active 304","service":"fuelwatch-backend"}
{"level":"info","message":"GET /my-attendance 304","service":"fuelwatch-backend"}
{"level":"info","message":"GET /active 304","service":"fuelwatch-backend"}
{"level":"info","message":"GET /my-attendance 304","service":"fuelwatch-backend"}
{"level":"info","message":"GET /active 304","service":"fuelwatch-backend"}
{"level":"info","message":"GET /my-attendance 304","service":"fuelwatch-backend"}
{"level":"info","message":"GET /active 304","service":"fuelwatch-backend"}
{"level":"info","message":"GET /my-attendance 304","service":"fuelwatch-backend"}
{"level":"info","message":"GET /active 304","service":"fuelwatch-backend"}
{"level":"info","message":"GET /my-attendance 304","service":"fuelwatch-backend"}
{"level":"info","message":"GET /active 304","service":"fuelwatch-backend"}
{"level":"info","message":"GET /my-attendance 304","service":"fuelwatch-backend"}
{"level":"info","message":"GET /active 304","service":"fuelwatch-backend"}
{"level":"info","message":"GET /my-attendance 304","service":"fuelwatch-backend"}
{"level":"info","message":"GET /active 304","service":"fuelwatch-backend"}
{"level":"info","message":"GET /my-attendance 304","service":"fuelwatch-backend"}
{"level":"info","message":"GET /active 304","service":"fuelwatch-backend"}
{"level":"info","message":"GET /my-attendance 304","service":"fuelwatch-backend"}
{"level":"info","message":"GET /active 304","service":"fuelwatch-backend"}
{"level":"info","message":"GET /my-attendance 304","service":"fuelwatch-backend"}
{"level":"info","message":"GET /active 304","service":"fuelwatch-backend"}
{"level":"info","message":"GET /my-attendance 304","service":"fuelwatch-backend"}
{"level":"info","message":"GET /active 304","service":"fuelwatch-backend"}
{"level":"info","message":"GET /my-attendance 304","service":"fuelwatch-backend"}
{"level":"info","message":"GET /active 304","service":"fuelwatch-backend"}
{"level":"info","message":"GET /my-attendance 304","service":"fuelwatch-backend"}
{"level":"info","message":"GET /active 304","service":"fuelwatch-backend"}
{"level":"info","message":"GET /my-attendance 304","service":"fuelwatch-backend"}
{"level":"info","message":"GET /active 304","service":"fuelwatch-backend"}
{"level":"info","message":"GET /my-attendance 304","service":"fuelwatch-backend"}
{"level":"info","message":"GET /active 304","service":"fuelwatch-backend"}
{"level":"info","message":"GET /my-attendance 304","service":"fuelwatch-backend"}
{"level":"info","message":"GET /active 304","service":"fuelwatch-backend"}
{"level":"info","message":"GET /my-attendance 304","service":"fuelwatch-backend"}
{"level":"info","message":"GET /active 304","service":"fuelwatch-backend"}
{"level":"info","message":"GET /active 304","service":"fuelwatch-backend"}
{"level":"info","message":"GET /active 304","service":"fuelwatch-backend"}
{"level":"info","message":"GET /active 304","service":"fuelwatch-backend"}
{"level":"info","message":"GET /my-attendance 304","service":"fuelwatch-backend"}
{"level":"info","message":"GET /active 304","service":"fuelwatch-backend"}
{"level":"info","message":"GET /my-attendance 304","service":"fuelwatch-backend"}
{"level":"info","message":"GET /active 304","service":"fuelwatch-backend"}
{"level":"info","message":"GET /my-attendance 304","service":"fuelwatch-backend"}
{"level":"info","message":"GET /active 304","service":"fuelwatch-backend"}
{"level":"info","message":"GET /my-attendance 304","service":"fuelwatch-backend"}
{"level":"info","message":"GET /active 304","service":"fuelwatch-backend"}
{"level":"info","message":"GET /my-attendance 304","service":"fuelwatch-backend"}
{"level":"info","message":"GET /active 304","service":"fuelwatch-backend"}
{"level":"info","message":"GET /my-attendance 304","service":"fuelwatch-backend"}
{"level":"info","message":"GET /active 304","service":"fuelwatch-backend"}
{"level":"info","message":"GET /my-attendance 304","service":"fuelwatch-backend"}
{"level":"info","message":"GET /active 304","service":"fuelwatch-backend"}
{"level":"info","message":"GET /my-attendance 304","service":"fuelwatch-backend"}
{"level":"info","message":"GET /active 304","service":"fuelwatch-backend"}
{"level":"info","message":"GET /my-attendance 304","service":"fuelwatch-backend"}
{"level":"info","message":"GET /active 304","service":"fuelwatch-backend"}
{"level":"info","message":"GET /my-attendance 304","service":"fuelwatch-backend"}
{"level":"info","message":"GET /active 304","service":"fuelwatch-backend"}
{"level":"info","message":"GET /active 304","service":"fuelwatch-backend"}
{"level":"info","message":"GET /my-attendance 304","service":"fuelwatch-backend"}
{"level":"info","message":"GET /active 304","service":"fuelwatch-backend"}
{"level":"info","message":"GET /my-attendance 304","service":"fuelwatch-backend"}
{"level":"info","message":"GET /active 304","service":"fuelwatch-backend"}
{"level":"info","message":"GET /my-attendance 304","service":"fuelwatch-backend"}
{"level":"info","message":"GET /active 304","service":"fuelwatch-backend"}
{"level":"info","message":"GET /my-attendance 304","service":"fuelwatch-backend"}
{"level":"info","message":"GET /active 304","service":"fuelwatch-backend"}
{"level":"info","message":"GET /my-attendance 304","service":"fuelwatch-backend"}
{"level":"info","message":"GET /active 304","service":"fuelwatch-backend"}
{"level":"info","message":"GET /my-attendance 304","service":"fuelwatch-backend"}
{"level":"info","message":"GET /active 304","service":"fuelwatch-backend"}
{"level":"info","message":"GET /my-attendance 304","service":"fuelwatch-backend"}
{"level":"info","message":"GET /active 304","service":"fuelwatch-backend"}
{"level":"info","message":"GET /my-attendance 304","service":"fuelwatch-backend"}
{"level":"info","message":"GET /active 304","service":"fuelwatch-backend"}
{"level":"info","message":"GET /my-attendance 304","service":"fuelwatch-backend"}
{"level":"info","message":"GET /active 304","service":"fuelwatch-backend"}
{"level":"info","message":"GET /my-attendance 304","service":"fuelwatch-backend"}
{"level":"info","message":"GET /active 304","service":"fuelwatch-backend"}
{"level":"info","message":"GET /my-attendance 304","service":"fuelwatch-backend"}
{"level":"info","message":"GET /active 304","service":"fuelwatch-backend"}
{"level":"info","message":"GET /active 304","service":"fuelwatch-backend"}
{"level":"info","message":"GET /active 304","service":"fuelwatch-backend"}
{"level":"info","message":"GET /my-attendance 304","service":"fuelwatch-backend"}
{"level":"info","message":"GET /active 304","service":"fuelwatch-backend"}
{"level":"info","message":"GET /stocks 304","service":"fuelwatch-backend"}
{"level":"info","message":"GET /active 304","service":"fuelwatch-backend"}
{"level":"info","message":"GET / 304","service":"fuelwatch-backend"}
{"level":"info","message":"GET /forecast 200","service":"fuelwatch-backend"}
{"level":"info","message":"POST /staffing 200","service":"fuelwatch-backend"}
{"level":"info","message":"POST /staffing 200","service":"fuelwatch-backend"}
{"level":"info","message":"POST /staffing 200","service":"fuelwatch-backend"}
{"level":"info","message":"POST /staffing 200","service":"fuelwatch-backend"}
{"level":"info","message":"POST /staffing 200","service":"fuelwatch-backend"}
{"level":"info","message":"POST /staffing 200","service":"fuelwatch-backend"}
{"level":"info","message":"POST /staffing 200","service":"fuelwatch-backend"}
{"level":"info","message":"Server running on port 3001","service":"fuelwatch-backend"}
{"level":"info","message":"Database connected successfully","service":"fuelwatch-backend"}
{"level":"info","message":"GET /forecast 401","service":"fuelwatch-backend"}
{"level":"info","message":"GET /active 401","service":"fuelwatch-backend"}
{"level":"info","message":"GET / 401","service":"fuelwatch-backend"}
{"level":"info","message":"GET /active 401","service":"fuelwatch-backend"}
{"level":"info","message":"GET / 401","service":"fuelwatch-backend"}
{"level":"info","message":"GET /active 401","service":"fuelwatch-backend"}
{"level":"info","message":"GET / 401","service":"fuelwatch-backend"}
{"level":"info","message":"GET /stocks 401","service":"fuelwatch-backend"}
{"level":"info","message":"GET /stocks 401","service":"fuelwatch-backend"}
{"level":"info","message":"POST /login 200","service":"fuelwatch-backend"}
{"level":"info","message":"GET /stocks 200","service":"fuelwatch-backend"}
{"level":"info","message":"GET /active 200","service":"fuelwatch-backend"}
{"level":"info","message":"GET / 200","service":"fuelwatch-backend"}
{"level":"info","message":"GET /forecast 200","service":"fuelwatch-backend"}
{"level":"info","message":"POST /staffing 200","service":"fuelwatch-backend"}
{"level":"info","message":"POST /staffing 200","service":"fuelwatch-backend"}
{"level":"info","message":"POST /staffing 200","service":"fuelwatch-backend"}
{"level":"info","message":"POST /staffing 200","service":"fuelwatch-backend"}
{"level":"info","message":"POST /staffing 200","service":"fuelwatch-backend"}
{"level":"info","message":"POST /staffing 200","service":"fuelwatch-backend"}
{"level":"info","message":"GET /active 304","service":"fuelwatch-backend"}
{"level":"info","message":"GET /my-attendance 200","service":"fuelwatch-backend"}
{"level":"info","message":"GET /active 304","service":"fuelwatch-backend"}
{"level":"info","message":"GET /active 304","service":"fuelwatch-backend"}
{"level":"info","message":"GET /active 304","service":"fuelwatch-backend"}
{"level":"info","message":"GET /active 304","service":"fuelwatch-backend"}
{"level":"info","message":"GET /my-attendance 304","service":"fuelwatch-backend"}
{"level":"info","message":"GET /active 304","service":"fuelwatch-backend"}
{"level":"info","message":"GET /my-attendance 304","service":"fuelwatch-backend"}
{"level":"info","message":"GET /active 304","service":"fuelwatch-backend"}
{"level":"info","message":"GET /my-attendance 304","service":"fuelwatch-backend"}
{"level":"info","message":"GET /active 304","service":"fuelwatch-backend"}
{"level":"info","message":"GET /my-attendance 304","service":"fuelwatch-backend"}
{"level":"info","message":"GET /active 304","service":"fuelwatch-backend"}
{"level":"info","message":"GET /stocks 304","service":"fuelwatch-backend"}
{"level":"info","message":"GET /active 304","service":"fuelwatch-backend"}
{"level":"info","message":"GET /my-attendance 304","service":"fuelwatch-backend"}
{"level":"info","message":"GET /active 304","service":"fuelwatch-backend"}
{"level":"info","message":"GET /active 304","service":"fuelwatch-backend"}
{"level":"info","message":"Server running on port 3001","service":"fuelwatch-backend"}
{"level":"info","message":"Database connected successfully","service":"fuelwatch-backend"}
{"level":"info","message":"GET /stocks 401","service":"fuelwatch-backend"}
{"level":"info","message":"GET /stocks 401","service":"fuelwatch-backend"}
{"level":"info","message":"GET /stocks 401","service":"fuelwatch-backend"}
{"level":"info","message":"GET /stocks 401","service":"fuelwatch-backend"}
{"level":"info","message":"POST /login 200","service":"fuelwatch-backend"}
{"level":"info","message":"GET /stocks 200","service":"fuelwatch-backend"}
{"level":"info","message":"GET /active 200","service":"fuelwatch-backend"}
{"level":"info","message":"GET / 200","service":"fuelwatch-backend"}
{"level":"info","message":"GET /forecast 200","service":"fuelwatch-backend"}
{"level":"info","message":"POST /staffing 200","service":"fuelwatch-backend"}
{"level":"info","message":"POST /staffing 200","service":"fuelwatch-backend"}
{"level":"info","message":"POST /staffing 200","service":"fuelwatch-backend"}
{"level":"info","message":"POST /staffing 200","service":"fuelwatch-backend"}
{"level":"info","message":"POST /staffing 200","service":"fuelwatch-backend"}
{"level":"info","message":"POST /staffing 200","service":"fuelwatch-backend"}
{"level":"info","message":"POST /staffing 200","service":"fuelwatch-backend"}
{"level":"info","message":"POST /staffing 200","service":"fuelwatch-backend"}
{"level":"info","message":"POST /staffing 200","service":"fuelwatch-backend"}
{"level":"info","message":"POST /staffing 200","service":"fuelwatch-backend"}
{"level":"info","message":"POST /staffing 200","service":"fuelwatch-backend"}
{"level":"info","message":"POST /staffing 200","service":"fuelwatch-backend"}
{"level":"info","message":"GET /stocks 304","service":"fuelwatch-backend"}
{"level":"info","message":"GET /forecast 304","service":"fuelwatch-backend"}
{"level":"info","message":"POST /staffing 200","service":"fuelwatch-backend"}
{"level":"info","message":"POST /staffing 200","service":"fuelwatch-backend"}
{"level":"info","message":"POST /staffing 200","service":"fuelwatch-backend"}
{"level":"info","message":"POST /staffing 200","service":"fuelwatch-backend"}
{"level":"info","message":"POST /staffing 200","service":"fuelwatch-backend"}
{"level":"info","message":"POST /staffing 200","service":"fuelwatch-backend"}
{"level":"info","message":"POST /staffing 200","service":"fuelwatch-backend"}
{"level":"info","message":"POST /staffing 200","service":"fuelwatch-backend"}
{"level":"info","message":"POST /staffing 200","service":"fuelwatch-backend"}
{"level":"info","message":"POST /staffing 200","service":"fuelwatch-backend"}
{"level":"info","message":"POST /staffing 200","service":"fuelwatch-backend"}
{"level":"info","message":"POST /staffing 200","service":"fuelwatch-backend"}
{"level":"info","message":"POST /staffing 200","service":"fuelwatch-backend"}
{"level":"info","message":"POST /staffing 200","service":"fuelwatch-backend"}
{"level":"info","message":"POST /staffing 200","service":"fuelwatch-backend"}
{"level":"info","message":"POST /staffing 200","service":"fuelwatch-backend"}
{"level":"info","message":"GET / 304","service":"fuelwatch-backend"}
{"level":"info","message":"GET /active 304","service":"fuelwatch-backend"}
{"level":"info","message":"GET /stocks 304","service":"fuelwatch-backend"}
